[2025-12-20 17:27:56,552: INFO: main: Welcome to our custom log]
[2025-12-20 17:28:07,748: INFO: main: Welcome to our custom log]
[2025-12-21 14:18:14,394: INFO: common: yaml file: config/config.yaml loaded successfully]
[2025-12-21 14:18:14,396: INFO: common: yaml file: params.yaml loaded successfully]
[2025-12-21 14:18:14,396: INFO: common: created directory at: artifacts]
[2025-12-21 14:18:14,397: INFO: common: created directory at: artifacts/data_ingestion]
[2025-12-21 14:18:14,398: INFO: 2729748356: Downloading data from https://drive.google.com/file/d/1Cj8YSn-pN4wqI-3F7J-YoMGQCuGJmJWc/view?usp=drive_link into file artifacts/data_ingestion/data.zip]
[2025-12-21 14:18:30,648: INFO: 2729748356: Downloaded data from https://drive.google.com/file/d/1Cj8YSn-pN4wqI-3F7J-YoMGQCuGJmJWc/view?usp=drive_link into file artifacts/data_ingestion/data.zip]
[2025-12-21 15:26:41,886: INFO: main: >>>>>> stage Data Ingestion stage started <<<<<<]
[2025-12-21 15:26:41,887: INFO: common: yaml file: config/config.yaml loaded successfully]
[2025-12-21 15:26:41,888: INFO: common: yaml file: params.yaml loaded successfully]
[2025-12-21 15:26:41,888: INFO: common: created directory at: artifacts]
[2025-12-21 15:26:41,888: INFO: common: created directory at: artifacts/data_ingestion]
[2025-12-21 15:26:41,888: INFO: data_ingestion: Downloading data from https://drive.google.com/file/d/1Cj8YSn-pN4wqI-3F7J-YoMGQCuGJmJWc/view?usp=drive_link into file artifacts/data_ingestion/data.zip]
[2025-12-21 15:27:02,911: INFO: data_ingestion: Downloaded data from https://drive.google.com/file/d/1Cj8YSn-pN4wqI-3F7J-YoMGQCuGJmJWc/view?usp=drive_link into file artifacts/data_ingestion/data.zip]
[2025-12-21 15:27:04,135: INFO: main: >>>>>> stage Data Ingestion stage completed <<<<<<

x==========x]
[2025-12-21 16:39:16,503: INFO: common: yaml file: config/config.yaml loaded successfully]
[2025-12-21 16:39:16,509: INFO: common: yaml file: params.yaml loaded successfully]
[2025-12-21 16:39:16,509: INFO: common: created directory at: artifacts]
[2025-12-21 16:39:16,510: INFO: common: created directory at: artifacts/prepare_base_model]
[2025-12-21 16:43:36,002: INFO: common: yaml file: config/config.yaml loaded successfully]
[2025-12-21 16:43:36,006: INFO: common: yaml file: params.yaml loaded successfully]
[2025-12-21 16:43:36,007: INFO: common: created directory at: artifacts]
[2025-12-21 16:43:36,008: INFO: common: created directory at: artifacts/prepare_base_model]
[2025-12-21 16:44:38,543: INFO: common: yaml file: config/config.yaml loaded successfully]
[2025-12-21 16:44:38,546: INFO: common: yaml file: params.yaml loaded successfully]
[2025-12-21 16:44:38,547: INFO: common: created directory at: artifacts]
[2025-12-21 16:44:38,548: INFO: common: created directory at: artifacts/prepare_base_model]
[2025-12-21 16:44:44,157: WARNING: saving_utils: Compiled the loaded model, but the compiled metrics have yet to be built. `model.compile_metrics` will be empty until you train or evaluate the model.]
[2025-12-21 16:44:44,229: WARNING: optimizer: At this time, the v2.11+ optimizer `tf.keras.optimizers.SGD` runs slowly on M1/M2 Macs, please use the legacy Keras optimizer instead, located at `tf.keras.optimizers.legacy.SGD`.]
[2025-12-21 16:44:44,231: WARNING: __init__: There is a known slowdown when using v2.11+ Keras optimizers on M1/M2 Macs. Falling back to the legacy Keras optimizer, i.e., `tf.keras.optimizers.legacy.SGD`.]
[2025-12-21 17:00:02,192: INFO: main: >>>>>> stage Data Ingestion stage started <<<<<<]
[2025-12-21 17:00:02,193: INFO: common: yaml file: config/config.yaml loaded successfully]
[2025-12-21 17:00:02,194: INFO: common: yaml file: params.yaml loaded successfully]
[2025-12-21 17:00:02,194: INFO: common: created directory at: artifacts]
[2025-12-21 17:00:02,194: INFO: common: created directory at: artifacts/data_ingestion]
[2025-12-21 17:00:02,194: INFO: data_ingestion: Downloading data from https://drive.google.com/file/d/1Cj8YSn-pN4wqI-3F7J-YoMGQCuGJmJWc/view?usp=drive_link into file artifacts/data_ingestion/data.zip]
[2025-12-21 17:00:19,497: INFO: data_ingestion: Downloaded data from https://drive.google.com/file/d/1Cj8YSn-pN4wqI-3F7J-YoMGQCuGJmJWc/view?usp=drive_link into file artifacts/data_ingestion/data.zip]
[2025-12-21 17:00:20,836: INFO: main: >>>>>> stage Data Ingestion stage completed <<<<<<

x==========x]
[2025-12-21 17:00:20,836: INFO: main: *******************]
[2025-12-21 17:00:20,836: INFO: main: >>>>>> stage Prepare base model started <<<<<<]
[2025-12-21 17:00:20,838: INFO: common: yaml file: config/config.yaml loaded successfully]
[2025-12-21 17:00:20,838: INFO: common: yaml file: params.yaml loaded successfully]
[2025-12-21 17:00:20,839: INFO: common: created directory at: artifacts]
[2025-12-21 17:00:20,839: INFO: common: created directory at: artifacts/prepare_base_model]
[2025-12-21 17:00:21,125: WARNING: saving_utils: Compiled the loaded model, but the compiled metrics have yet to be built. `model.compile_metrics` will be empty until you train or evaluate the model.]
[2025-12-21 17:00:21,201: WARNING: optimizer: At this time, the v2.11+ optimizer `tf.keras.optimizers.SGD` runs slowly on M1/M2 Macs, please use the legacy Keras optimizer instead, located at `tf.keras.optimizers.legacy.SGD`.]
[2025-12-21 17:00:21,202: WARNING: __init__: There is a known slowdown when using v2.11+ Keras optimizers on M1/M2 Macs. Falling back to the legacy Keras optimizer, i.e., `tf.keras.optimizers.legacy.SGD`.]
[2025-12-21 17:00:21,268: INFO: main: >>>>>> stage Prepare base model completed <<<<<<

x==========x]
[2025-12-22 19:21:03,309: INFO: common: yaml file: config/config.yaml loaded successfully]
[2025-12-22 19:21:03,312: INFO: common: yaml file: params.yaml loaded successfully]
[2025-12-22 19:21:03,315: INFO: common: created directory at: artifacts]
[2025-12-22 19:21:03,316: INFO: common: created directory at: artifacts/training]
[2025-12-22 19:22:25,802: INFO: common: yaml file: config/config.yaml loaded successfully]
[2025-12-22 19:22:25,806: INFO: common: yaml file: params.yaml loaded successfully]
[2025-12-22 19:22:25,807: INFO: common: created directory at: artifacts]
[2025-12-22 19:22:25,808: INFO: common: created directory at: artifacts/training]
[2025-12-22 19:28:08,735: INFO: common: yaml file: config/config.yaml loaded successfully]
[2025-12-22 19:28:08,737: INFO: common: yaml file: params.yaml loaded successfully]
[2025-12-22 19:28:08,738: INFO: common: created directory at: artifacts]
[2025-12-22 19:28:08,738: INFO: common: created directory at: artifacts/training]
[2025-12-22 19:29:07,899: INFO: common: yaml file: config/config.yaml loaded successfully]
[2025-12-22 19:29:07,903: INFO: common: yaml file: params.yaml loaded successfully]
[2025-12-22 19:29:07,904: INFO: common: created directory at: artifacts]
[2025-12-22 19:29:07,905: INFO: common: created directory at: artifacts/training]
[2025-12-22 19:41:42,829: INFO: common: yaml file: config/config.yaml loaded successfully]
[2025-12-22 19:41:42,831: INFO: common: yaml file: params.yaml loaded successfully]
[2025-12-22 19:41:42,832: INFO: common: created directory at: artifacts]
[2025-12-22 19:41:42,833: INFO: common: created directory at: artifacts/training]
[2025-12-22 20:10:27,138: INFO: main: >>>>>> stage Data Ingestion stage started <<<<<<]
[2025-12-22 20:10:27,139: INFO: common: yaml file: config/config.yaml loaded successfully]
[2025-12-22 20:10:27,140: INFO: common: yaml file: params.yaml loaded successfully]
[2025-12-22 20:10:27,140: INFO: common: created directory at: artifacts]
[2025-12-22 20:10:27,140: INFO: common: created directory at: artifacts/data_ingestion]
[2025-12-22 20:10:27,140: INFO: data_ingestion: Downloading data from https://drive.google.com/file/d/1Cj8YSn-pN4wqI-3F7J-YoMGQCuGJmJWc/view?usp=drive_link into file artifacts/data_ingestion/data.zip]
[2025-12-22 20:10:46,790: INFO: data_ingestion: Downloaded data from https://drive.google.com/file/d/1Cj8YSn-pN4wqI-3F7J-YoMGQCuGJmJWc/view?usp=drive_link into file artifacts/data_ingestion/data.zip]
[2025-12-22 20:10:48,142: INFO: main: >>>>>> stage Data Ingestion stage completed <<<<<<

x==========x]
[2025-12-22 20:10:48,142: INFO: main: *******************]
[2025-12-22 20:10:48,142: INFO: main: >>>>>> stage Prepare base model started <<<<<<]
[2025-12-22 20:10:48,144: INFO: common: yaml file: config/config.yaml loaded successfully]
[2025-12-22 20:10:48,144: INFO: common: yaml file: params.yaml loaded successfully]
[2025-12-22 20:10:48,145: INFO: common: created directory at: artifacts]
[2025-12-22 20:10:48,145: INFO: common: created directory at: artifacts/prepare_base_model]
[2025-12-22 20:10:48,372: WARNING: saving_utils: Compiled the loaded model, but the compiled metrics have yet to be built. `model.compile_metrics` will be empty until you train or evaluate the model.]
[2025-12-22 20:10:48,535: WARNING: optimizer: At this time, the v2.11+ optimizer `tf.keras.optimizers.SGD` runs slowly on M1/M2 Macs, please use the legacy Keras optimizer instead, located at `tf.keras.optimizers.legacy.SGD`.]
[2025-12-22 20:10:48,536: WARNING: __init__: There is a known slowdown when using v2.11+ Keras optimizers on M1/M2 Macs. Falling back to the legacy Keras optimizer, i.e., `tf.keras.optimizers.legacy.SGD`.]
[2025-12-22 20:10:48,634: INFO: main: >>>>>> stage Prepare base model completed <<<<<<

x==========x]
[2025-12-22 20:10:48,634: INFO: main: *******************]
[2025-12-22 20:10:48,634: INFO: main: >>>>>> stage Training started <<<<<<]
[2025-12-22 20:10:48,635: INFO: common: yaml file: config/config.yaml loaded successfully]
[2025-12-22 20:10:48,635: INFO: common: yaml file: params.yaml loaded successfully]
[2025-12-22 20:10:48,635: INFO: common: created directory at: artifacts]
[2025-12-22 20:10:48,635: INFO: common: created directory at: artifacts/training]
[2025-12-22 20:34:45,150: INFO: main: >>>>>> stage Training completed <<<<<<

x==========x]
